<?xml version="1.0" encoding="UTF-8"?>
<!-- Generated by org.testng.reporters.JUnitReportReporter -->
<testsuite hostname="DESKTOP-C11KPRV" failures="0" tests="2" name="Day_44.PaymentTest" time="0.023" errors="0" timestamp="2025-05-24T17:49:51 IST" skipped="0">
  <testcase classname="Day_44.PaymentTest" name="paymentInRupees" time="0.019"/>
  <testcase classname="Day_44.PaymentTest" name="paymentInDollars" time="0.004"/>
</testsuite> <!-- Day_44.PaymentTest -->
