<?xml version="1.0" encoding="UTF-8"?>
<!-- Generated by org.testng.reporters.JUnitReportReporter -->
<testsuite hostname="DESKTOP-C11KPRV" failures="0" tests="3" name="Day_44.SignupTest" time="0.040" errors="0" timestamp="2025-05-24T17:41:33 IST" skipped="0">
  <testcase classname="Day_44.SignupTest" name="signupByEmail" time="0.029"/>
  <testcase classname="Day_44.SignupTest" name="signupbyFB" time="0.006"/>
  <testcase classname="Day_44.SignupTest" name="signupbyTwitter" time="0.005"/>
</testsuite> <!-- Day_44.SignupTest -->
