<?xml version="1.0" encoding="UTF-8"?>
<!-- Generated by org.testng.reporters.JUnitReportReporter -->
<testsuite hostname="DESKTOP-C11KPRV" failures="0" tests="3" name="Day_44.LoginTest" time="0.017" errors="0" timestamp="2025-05-24T17:51:07 IST" skipped="0">
  <testcase classname="Day_44.LoginTest" name="loginbyEmail" time="0.010"/>
  <testcase classname="Day_44.LoginTest" name="loginByFB" time="0.004"/>
  <testcase classname="Day_44.LoginTest" name="LoginByTwitter" time="0.003"/>
</testsuite> <!-- Day_44.LoginTest -->
