<?xml version="1.0" encoding="UTF-8"?>
<!-- Generated by org.testng.reporters.JUnitReportReporter -->
<testsuite hostname="DESKTOP-C11KPRV" failures="0" tests="2" name="com.testngPackage.Allannotations" time="0.021" errors="0" timestamp="2025-05-22T15:50:18 IST" skipped="0">
  <testcase classname="com.testngPackage.Allannotations" name="TC01" time="0.012"/>
  <testcase classname="com.testngPackage.Allannotations" name="TC02" time="0.009"/>
</testsuite> <!-- com.testngPackage.Allannotations -->
