<?xml version="1.0" encoding="UTF-8"?>
<!-- Generated by org.testng.reporters.JUnitReportReporter -->
<testsuite hostname="DESKTOP-C11KPRV" failures="0" tests="2" name="com.testngPackage.C3" time="0.018" errors="0" timestamp="2025-05-22T15:30:17 IST" skipped="0">
  <testcase classname="com.testngPackage.C3" name="pqr" time="0.004"/>
  <testcase classname="com.testngPackage.C3" name="pqr" time="0.014"/>
</testsuite> <!-- com.testngPackage.C3 -->
