<?xml version="1.0" encoding="UTF-8"?>
<!-- Generated by org.testng.reporters.JUnitReportReporter -->
<testsuite hostname="DESKTOP-C11KPRV" failures="0" tests="2" name="com.testngPackage.AnnotationsDemo1" time="0.031" errors="0" timestamp="2025-05-21T17:59:39 IST" skipped="0">
  <testcase classname="com.testngPackage.AnnotationsDemo1" name="search" time="0.014"/>
  <testcase classname="com.testngPackage.AnnotationsDemo1" name="advancedSearch" time="0.017"/>
</testsuite> <!-- com.testngPackage.AnnotationsDemo1 -->
