<?xml version="1.0" encoding="UTF-8"?>
<!-- Generated by org.testng.reporters.JUnitReportReporter -->
<testsuite hostname="DESKTOP-C11KPRV" failures="0" tests="1" name="com.testngPackage.SampleTestngPractice" time="0.040" errors="0" timestamp="2025-05-21T15:00:28 IST" skipped="0">
  <testcase classname="com.testngPackage.SampleTestngPractice" name="TittleTest" time="0.040"/>
</testsuite> <!-- com.testngPackage.SampleTestngPractice -->
