<?xml version="1.0" encoding="UTF-8"?>
<!-- Generated by org.testng.reporters.JUnitReportReporter -->
<testsuite hostname="DESKTOP-C11KPRV" failures="0" tests="1" name="com.testngPackage.HardAssertions" time="0.020" errors="0" timestamp="2025-05-22T16:52:46 IST" skipped="0">
  <testcase classname="com.testngPackage.HardAssertions" name="test" time="0.020"/>
</testsuite> <!-- com.testngPackage.HardAssertions -->
